13 7398 4119 799 8793 1855 6320 203 7611 2231 1241 2153 2530 1870
11 3430 8979 2573 5891 1187 9453 3704 4483 4361 9367 8076
32 8477 568 550 2670 4663 9287 1107 4069 589 7367 2379 9256 1802 339 250 8005 2971 7417 5386 6957 9526 5315 5427 1766 3656 8903 9988 5253 4695 9959 5243 4289
32 8698 8736 61 2536 8832 476 8397 7304 2488 2510 7695 1650 96 5906 9344 4860 5455 3320 8821 8336 4817 4015 4529 6324 7661 9695 4738 9839 6118 228 7713 1449
13 5727 9473 1869 802 849 8306 5138 3505 7996 5836 4795 1231 7306
10 8586 3092 7193 9341 6078 7672 4074 2887 5787 4533
25 8449 4717 6904 7206 9494 9088 5982 4748 1184 5949 2668 5184 1322 8170 6574 3822 1730 3969 4126 1344 6115 1631 7801 1996 1409
21 1528 8950 6220 6814 5674 2541 5578 7123 1677 5436 7596 5530 3382 4247 7432 6453 4925 3755 9728 3095 8200
53 1530 3614 6442 1941 2528 2111 2446 791 8000 844 4385 2471 7011 2703 1646 6285 1317 9247 6620 6369 2318 6298 9578 4310 2864 5704 2038 9866 2813 7545 4604 2018 723 6594 997 3091 1336 5081 6897 5028 2241 9802 1680 7207 8811 2811 779 3154 4420 1592 4774 8966 7133
62 8406 5743 9254 506 6216 7342 1364 2599 8343 3360 8822 7773 8710 1057 5807 4616 3964 3100 5403 2970 5231 1965 4456 5198 878 3096 6743 8364 2761 3761 1039 5199 7972 6169 8635 6642 9442 223 4334 1298 3725 7159 1304 7883 3080 8754 7523 5276 7002 5599 126 3883 4002 7986 2504 9786 7067 6234 5554 1984 8220 1826
44 5562 7707 2591 2064 6688 3985 7061 4976 1212 7784 875 145 3164 527 2545 8233 4754 2053 8327 7936 1546 9587 6259 3093 9832 3626 8720 1498 6627 1743 4678 5093 4257 5968 9102 9609 3069 1452 1086 9924 6385 1893 1134 621
53 5189 9349 3061 5071 34 4128 2078 6201 7541 701 5921 1672 7272 6183 4933 949 370 2569 1114 2458 3495 7060 9050 1160 7655 687 2284 870 9825 2009 8527 468 6375 1589 7795 3028 1759 7504 3803 5190 1617 3639 6819 4254 9713 8433 8345 4305 8537 9651 1985 520 4469
40 1838 6053 2119 4496 9155 1286 4191 8596 7015 9513 1750 7495 2141 1122 5827 449 1037 4682 5430 683 5780 272 6263 1151 2214 239 2682 5504 824 5058 4137 786 5511 27 2516 8229 5290 6139 2030 6803
15 6547 7501 2805 2413 3560 8 7802 4345 9236 144 2632 4750 8572 8380 9152
51 9752 8435 2718 1744 4321 6525 179 2303 4052 7236 4388 2798 9060 7166 903 3491 1865 2146 9669 4301 7511 3690 9596 8983 1093 717 2792 2476 1915 9857 8867 2274 5870 8929 5208 71 6481 7005 9278 3174 668 6393 1130 6772 4608 5901 2163 2753 2071 2598 283
12 6418 3202 4811 9115 3871 4185 2073 4057 108 8939 7855 2210
28 4644 4588 5945 9803 2743 5420 9303 1940 9504 4167 9796 9196 5337 4740 3219 2116 8121 7518 6626 4001 1711 9508 3009 282 8032 1705 7621 8456
10 1209 583 5971 1010 7662 1817 5653 2662 9235 9083
38 5299 4207 2245 9751 7156 4857 8883 9533 544 6527 6639 4822 6874 9350 6781 6811 99 5174 5106 3260 48 229 6232 7618 3749 4283 5624 3760 813 5496 2286 3994 996 2823 9253 1030 9176 5922
18 1515 2641 245 4064 7442 2741 4541 8101 8485 7271 8026 9790 3753 7506 2583 2098 2697 6348
28 873 3027 8387 1880 9049 8863 9022 1159 725 6894 2383 2812 6286 8378 8208 9638 868 1571 360 1224 4258 5175 3233 8036 4943 5262 7491 8065
11 606 7293 8967 1582 2909 7073 4275 6606 6715 7489 9069
39 6877 2690 6537 2706 6657 4796 8988 227 7030 5525 6923 8009 9427 2160 9338 9677 6408 3900 2420 6143 9824 180 5617 240 1579 5581 3331 3590 8834 8357 1456 7902 8385 310 663 9234 4226 2447 8074
7 8329 4693 6669 9485 2982 2660 6521
14 4855 8262 5089 4011 9798 8132 5897 1793 784 441 5024 5587 1868 8046
21 8213 8629 4673 7323 895 2696 91 9249 8199 7827 5823 4961 6490 2149 5832 1928 8260 5339 8980 7906 8612
18 3239 7846 1218 3554 8575 4595 3729 2088 8287 1370 7144 7454 3864 7844 3283 4783 4530 8147
121 7957 8029 7684 8753 2939 9114 218 7645 7656 1975 9213 2932 4243 1548 3427 9099 5965 4152 3397 7173 7563 7409 904 5265 3814 9662 487 8961 9418 8432 2737 4517 2684 1410 2758 827 7083 7822 3021 710 3677 9856 2102 5966 5985 8699 5272 2117 9930 3246 9241 8583 7333 6122 2893 9672 6511 2474 6929 5916 4846 4036 5689 367 2581 4190 9224 5442 1520 3915 5316 8884 2560 1112 1900 8521 8161 810 6284 891 1408 8907 150 1632 8438 6755 7033 9400 8608 2483 2399 4395 521 9108 2298 7556 4853 2265 2716 4148 2514 9907 3713 2452 2285 2866 8701 5714 6813 2877 9301 1556 7964 82 4103 2727 8738 1316 6088 6787 5691
86 7779 3714 9153 7433 314 8482 6334 3177 2848 1157 955 8275 7212 3065 3052 6738 8591 1610 5450 9801 3919 4443 5125 7321 8855 1795 8706 5565 2428 5059 1339 5226 9095 6185 5862 9646 3047 4386 3209 5546 1557 4231 5860 9906 6370 3600 2572 7308 195 3550 1832 4083 1139 3653 5109 2236 6497 8247 9722 1897 4277 3735 234 1923 2947 5114 3937 6520 4646 3399 7528 8096 7471 3528 4439 2664 7958 6712 3463 1857 3742 7036 62 260 3852 6376
18 4346 6747 1267 3795 6438 5422 1181 9952 147 7078 2373 6059 9157 5969 2376 4319 6702 3712
14 8675 4437 4867 9680 2754 4070 2533 6086 8340 389 1327 3153 7586 1892
17 6780 3329 3830 6316 8187 8642 4256 7066 138 1787 8788 4700 1095 2595 6676 5334 590
4 920 113 9459 6610
17 4098 9595 9944 9625 2323 6222 5452 8257 2206 9896 4964 728 2580 3088 3791 7288 2321
26 2531 608 5025 6951 9130 6762 2548 8316 8563 5137 7880 1033 5737 8355 336 7536 1605 5091 812 6054 5002 3408 122 3676 9175 6471
12 3236 1192 8727 3487 4868 2087 588 4037 9493 3175 5583 4093
16 2432 3245 892 5516 172 1647 4880 156 6659 1067 6441 1374 8106 4129 2208 5275
20 6002 7028 8203 7602 1386 5601 4593 1846 5899 8014 5372 4111 5094 7298 6583 8726 2322 170 4790 6750
12 3410 7319 1313 4782 4065 2288 446 12 9753 1575 2880 3825
24 9166 7475 4720 5719 2180 2852 5466 9623 7392 6974 6102 909 2362 4201 7025 6030 4916 9496 5360 1418 886 6290 9914 1334
43 3253 9402 1142 4733 6927 6172 3425 9276 7110 8690 5152 1353 7324 5773 7850 5444 2346 8273 2024 5038 8899 1844 292 8349 773 1377 5501 3944 5498 746 1742 2014 7674 6992 9629 1490 7362 8789 3060 3794 8391 6977 9630
17 6843 2915 4980 640 2952 552 5622 2453 2477 3173 586 1861 8605 1087 1204 7405 6524
18 2424 1305 8328 439 4411 9750 912 7317 3671 2822 8770 667 2905 7814 1898 2451 2337 7748
9 1978 5875 1564 1399 5813 3359 3771 304 9891
6 4788 2736 7813 9921 3733 9312
19 2828 3067 6265 3191 4806 1146 25 7063 3059 5274 1927 5084 7820 4732 4982 9956 3415 3525 5296
12 3156 1860 5983 932 4118 4492 3703 1720 3762 5524 7024 1185
11 222 7948 712 6464 5095 7402 3819 9759 4474 914 1704
11 8189 9306 47 2967 8071 2767 3492 4606 994 7649 9243
68 7929 5480 362 3870 4887 1920 9362 1077 9943 8408 6576 5975 5281 4311 7213 4381 2804 1796 7039 7424 9359 2177 9335 5399 9692 4895 6677 3939 7676 358 4932 8554 8538 1395 114 9585 8283 4691 9569 8740 6353 6522 988 6275 79 931 3824 943 7619 7216 9039 9397 5410 7128 7947 7622 6720 8320 3847 7493 9425 9853 8517 258 4173 2567 3763 6157
22 2356 9920 6296 9705 1863 7759 8523 374 8869 9077 3862 9226 4062 1584 4104 7147 5342 60 3140 9781 5376 9568
22 2920 1372 9965 5955 8681 6048 5366 3770 2108 4775 1790 5301 8534 5694 5139 2634 6679 2365 6860 1821 3705 6063
21 5192 1784 6164 655 8093 5371 6980 9438 917 53 2369 8689 4251 8778 3876 1366 2746 7597 6322 4716 3456
18 2571 5227 2711 718 6503 4139 85 2320 876 1193 9881 5201 2 2151 1047 9661 4025 8402
31 9619 7325 1670 5979 7848 7925 301 5824 2658 9436 1163 9142 3641 8912 8569 6465 6443 5886 7740 5611 1022 7634 5172 3234 1737 338 469 4430 5586 7131 5900
16 700 5491 9469 8816 3936 3911 5918 1356 4054 662 5435 3035 124 2625 2862 8594
12 7799 400 4507 9954 5062 4697 3383 7059 7992 1549 9637 8013
12 8426 2649 1 6597 379 9607 4770 8672 6686 3552 4413 4393
18 4742 190 6206 6338 7380 7092 5124 9346 3926 4926 9200 2730 68 6768 7568 1285 1691 8499
14 4839 6529 1251 8338 7690 6825 7933 3793 7613 4337 869 7302 1699 5179
18 2324 8277 1640 1723 2799 9678 2187 9019 628 6732 9597 1877 54 9257 9764 7723 6477 5790
37 394 4637 9620 4854 7816 8573 8444 3222 2534 1476 2124 8678 1626 3798 4417 4949 5478 1223 3183 109 9723 8647 516 7776 2412 1954 1521 5845 7443 6788 9395 4499 1997 7343 1834 2636 8924
16 5343 5746 1527 2992 6966 1352 7425 8263 7370 3225 6687 9467 8626 6212 9865 2814
12 6381 477 7224 3594 6101 1211 4114 7647 3661 5519 5903 4721
16 6706 1593 2495 4202 5539 3818 2404 7456 8968 1129 651 8641 6423 2449 8879 5037
20 3025 7357 5541 35 8995 1263 2044 3261 7515 7794 2011 862 5486 8553 1064 6959 790 8352 9215 8874
25 8962 5948 8462 933 3615 826 5433 7381 5176 618 3784 2948 8312 1516 8824 9223 4844 308 9797 3391 9426 2099 7353 3224 5310
14 7640 2026 9385 1252 9538 2105 9846 1081 5792 9741 6253 6591 8623 807
34 6767 9087 8588 7172 3112 9710 3117 1620 4871 5323 4634 5534 7120 9368 3606 639 5472 2360 3489 9877 6628 8775 5007 7201 8812 8655 2588 5822 4780 8183 7717 2259 2342 8718
11 303 6150 3779 306 6349 3902 1708 9878 5788 2090 1507
32 6269 6377 6154 820 8794 9377 6604 1108 290 1771 4170 6863 8487 9380 5789 4410 5859 4169 7701 3638 5477 9904 5441 1469 3589 9818 4560 4306 4975 2306 6472 2159
21 3281 7704 3068 6413 7190 102 1239 5951 9641 4498 342 7490 8571 3837 9266 7112 49 5633 3517 6148 1951
17 4059 7612 9267 9696 3972 7208 2613 709 189 5394 7809 1085 2953 242 5637 1559 20
18 2247 4781 8574 2518 6454 2927 8665 6716 9612 408 6378 4343 2762 2068 9212 8841 905 8047
27 4056 1100 565 4250 1667 617 4034 2924 3622 3621 4767 9298 7266 5692 4667 4316 6678 2524 1026 9032 7997 7954 3886 9154 1983 5735 5147
3 7862 8088 7376
19 3167 8557 4184 3105 1729 4024 907 2386 821 7453 9699 2739 3959 436 140 1398 3545 8057 9770
17 9626 4223 4080 7444 9708 855 198 8126 5242 6528 9739 899 3132 7918 4641 5230 1136
18 8420 1734 3991 950 4205 5695 3451 6237 1912 7122 7359 7995 9787 7719 8265 220 5953 9690
20 580 3445 6985 4171 3482 3099 9849 3694 6953 1116 4471 2712 6181 4828 2913 505 6704 9211 9805 6092
17 8310 1438 6804 3816 7668 7438 1023 8478 9034 3634 4963 4077 1333 2728 3688 4778 9178
18 1066 7810 6155 3073 511 354 7276 120 2270 2035 5001 8491 8547 4899 4138 3559 4416 8716
17 6952 9685 5887 7934 2464 1319 7071 9126 5346 3256 6310 6986 5659 5563 3265 6693 9387
18 5693 739 7546 1994 1601 6638 127 4006 3297 7280 1991 3922 2606 70 4041 8279 1645 9931
16 5716 7553 3821 3199 1627 6480 578 711 2648 2082 7900 5804 9498 8549 3828 2445
16 1735 2106 3381 7962 5729 6869 7121 1851 632 6577 7419 8809 3995 8861 3180 437
22 2316 8630 6741 975 6903 6023 8412 4872 9822 5302 8111 5492 5772 5131 5401 4427 8398 2046 299 3637 9281 2618
20 8559 2791 3603 9925 7291 2808 2438 9365 2638 2579 8528 5467 7035 2361 9119 321 3652 8078 3458 8022
14 741 2436 364 7153 6174 9399 340 5791 2034 8971 7184 3020 8319 6613
31 3697 2293 4299 3058 2140 4485 5579 9075 4776 7915 7609 8031 8299 3841 213 9730 3195 9621 9788 9122 7607 9746 3357 9432 270 1903 7026 5814 4752 5547 9374
20 957 2123 7248 7085 1684 8504 8116 674 6121 9701 8620 9006 5385 6908 6655 3395 9740 737 4908 557
18 4008 2942 2681 9252 3330 5019 7886 1780 167 8423 6954 9898 6250 1837 9831 8152 9484 2363
18 1097 6189 3176 9633 2212 3809 2721 3000 9603 5774 7056 5392 4760 6944 573 9123 3064 1602
13 7088 271 9631 9483 7854 8946 4363 7917 5977 5439 9454 3275 7509
15 9411 3384 5535 9251 9732 6104 2933 3198 995 5889 9067 1011 5474 4298 7441
69 6321 9686 2820 4557 9671 216 6644 3961 2416 3539 4531 2332 1505 634 3349 3488 822 7572 6543 5261 7322 174 1499 6287 3553 2348 682 7831 5765 3343 2020 4157 837 2537 3737 8429 6983 1434 4874 1899 5568 4317 7664 7254 2423 7029 6791 8858 4661 2466 8581 4995 7885 1303 7158 1707 8143 5246 9445 3484 5513 9594 1216 1451 5188 774 6254 7365 1753
20 8175 4984 874 4153 8192 7139 703 7313 8638 4577 9059 9373 1076 2294 966 9606 2993 2243 2750 452
24 7911 9974 4665 9769 2000 2776 159 9357 636 2272 1695 5103 7734 8180 4193 2475 3002 7480 2223 3558 926 1174 9131 3857
22 9523 7227 7678 7616 5879 5127 1828 5367 3159 9260 429 7985 6748 8483 8239 8535 6826 9219 9081 6395 3288 8023
18 7877 1090 9869 7226 5503 3721 3102 4130 4278 4653 2630 6463 2131 7625 8053 504 8943 4189
20 6466 1332 7585 7666 7683 3789 2473 9044 1836 2707 4589 265 5432 8467 3520 9120 9794 1726 7731 7487
18 8395 8848 5307 5156 8530 2434 9035 7729 4528 7519 4837 8919 5846 973 1091 5545 4160 2677
36 7429 5991 4773 1385 2951 9689 8016 4994 3691 1551 2213 4476 1293 2232 9360 9572 7685 2468 136 4219 5641 9991 6845 1300 8990 9506 8982 1291 8514 5280 118 5209 2058 405 8069 9945
15 4307 3358 1325 40 5805 6790 3142 2027 6388 6847 5368 7437 9396 6417 7168
16 1757 2589 7117 533 6000 9949 4930 4384 4838 9519 4998 5202 6158 8908 4339 2650
25 4309 6654 9412 8434 830 1529 6006 6962 8347 4889 7583 5448 9302 1740 3048 8836 3954 7008 5741 6057 8541 2421 749 5048 1288
19 9325 8484 368 5382 6763 2685 5801 7247 9096 7786 781 2427 3419 4859 4488 4022 4303 7182 4841
19 9847 1170 9666 1260 3398 9497 178 1110 7697 5610 1922 576 900 4983 5616 2873 3781 9776 1966
24 9305 7687 4935 6718 1963 6652 4709 3901 8407 3271 7712 8063 9706 6020 1827 3178 4881 8845 3890 8893 4570 2604 910 7410
22 3307 8458 6756 3632 5303 1046 1331 4756 4227 7770 4159 7920 4711 543 924 6366 2040 1140 6999 9782 9309 7825
33 7141 2418 5463 3341 1989 1413 6996 4791 547 149 3848 5132 6260 325 8650 3286 4843 5306 3978 7090 6033 2891 1687 5308 5438 6449 1018 7763 8341 4027 3166 9927 3394
24 563 6319 2142 760 7581 7551 8568 2563 2539 288 620 7161 3196 5051 2051 882 3003 6549 4136 1917 5834 4835 1387 7452
15 9976 3527 7804 8819 6126 2666 4534 3189 5595 5010 7878 8137 7393 4554 2224
20 1315 3276 6875 7876 3740 4615 704 2377 23 3071 6668 5754 8663 5778 1419 8818 7335 3126 9668 5753
12 666 8493 4623 8326 2991 4941 2269 9332 253 8466 1789 9424
19 3090 1883 5710 9045 1508 8110 1294 9561 4355 6865 5221 4329 5883 171 9308 3858 4354 1473 5592
18 5304 864 1054 2896 1465 5584 5837 9101 7971 9272 1061 9600 4922 3240 5607 7202 2070 6792
17 6689 1414 513 9815 6498 8173 9833 872 788 4631 6700 2779 73 2819 3971 4178 5512
30 6961 4260 4109 3602 5012 7209 8151 8860 8164 8296 9268 3314 8826 6963 689 1924 5600 3593 6692 5925 5795 9351 5153 4514 609 3441 6837 4134 962 9673
5 7468 7671 8810 6230 4325
15 8703 1512 4233 4807 7884 8529 7642 8719 1274 6854 4573 8139 9451 2049 7559
21 7952 5858 1843 4713 7558 5861 7654 7872 2154 5904 9470 534 50 7698 3649 1435 6960 8235 7252 1467 3709
28 677 8425 5996 4285 1491 572 595 2797 377 3986 1283 1345 2506 2978 6734 9422 985 5898 9760 6108 246 4769 9507 3787 4296 1261 5312 8210
8 9313 8227 3536 5687 3504 8762 9970 5149
20 3693 3208 3129 3375 4291 2751 8992 2186 8972 4168 6675 2872 264 4174 6635 1092 4425 5077 1805 5688
16 5161 7575 6274 7921 4849 1171 4459 2139 8140 6759 6448 9642 2594 1301 6371 8222
30 9207 842 4848 6710 2352 1733 7278 252 5702 1051 2835 9785 3992 5908 6565 8297 8643 1765 4380 4702 1103 9922 3727 3934 3780 8488 5876 3500 465 3569
18 8708 7114 4164 2605 8940 161 6213 9195 8585 2760 4221 5909 6855 3659 5742 8332 4886 390
15 3055 7864 2230 2717 2110 7562 7081 6238 5141 4564 1056 1858 9614 9993 2628
15 2912 7210 2657 5816 1797 7284 884 2202 8197 4766 7989 1919 6355 4177 8654
30 6807 6658 1995 2425 5351 2059 6280 1583 3746 1220 2568 1638 3710 9420 6888 9884 2089 7999 7285 4100 8248 6050 6100 5560 9057 111 1517 1060 3125 6060
19 5598 9137 720 417 3414 1079 4063 5914 6548 3300 2552 6077 5761 6880 3296 6725 6323 3591 8276
26 2720 658 3773 9105 4613 4585 4021 64 6737 7457 7508 8562 6722 8688 7220 5651 2308 8732 9455 5946 7780 2701 1397 8454 1161 2669
13 5381 9246 4836 7882 1509 3949 8667 319 1203 3428 7650 4135 7909
18 2176 3774 8730 1479 8679 4294 1188 3089 9573 8673 6800 2228 3478 6973 2339 7428 8039 5730
27 9187 5654 4502 1777 8831 5690 2652 244 5915 8801 8659 7383 3955 6347 4166 8317 8986 4165 5407 7300 7851 9014 3422 1540 6492 2329 8301
20 6160 5818 6879 2769 3305 3353 1166 1933 6564 5634 1080 9660 8704 7001 9876 2623 3107 1226 5476 1950
59 6403 6089 2330 4772 293 1000 3033 898 7270 1245 7550 317 8135 4904 3332 9517 8418 3086 6739 4897 5574 6029 7217 1205 5667 1604 9779 2254 8303 1558 8696 3207 2472 9194 3699 3405 6486 7440 4253 731 7741 3326 4574 7669 8618 9 1770 1916 3933 9292 2419 8253 6479 9892 3272 9528 1977 765 8052
24 9563 7287 530 3083 9511 8236 2831 7118 7769 3507 1071 4856 4985 2148 1727 3161 2491 783 9168 8613 1462 7052 8503 5723
17 3817 4877 9495 7255 9071 9199 9186 1623 7199 7473 1990 1035 3792 3884 5685 2609 7472
31 5406 2899 332 9657 8034 5642 5082 4415 8895 2959 9479 7296 6326 4805 5522 6609 4526 4259 9688 8846 6918 8709 1749 4032 8683 7269 5752 1497 2456 2564 2888
34 6228 5358 3947 7870 2635 475 7041 4300 294 4244 1598 8494 1774 6292 3377 8833 3053 1314 9983 3747 5655 1717 4762 3684 9588 162 3932 2460 371 9615 3872 4295 9558 3302
18 3321 5384 2189 8475 6495 2047 9279 5768 6136 2704 4079 562 8755 3350 9747 5456 8171 3617
33 610 6924 5507 1550 3807 6809 5170 1475 9031 1643 9433 561 4845 9136 6798 3628 9183 745 2587 7345 3815 5013 5079 6354 5932 5521 8313 2103 4927 4905 9700 4799 6870
29 7463 5213 1121 3739 9100 8694 8827 286 2395 8746 6905 215 8212 6982 695 2994 4204 1502 4919 9009 5215 3953 2199 8723 8473 4010 901 1751 8622
31 2917 2233 2511 4225 3565 3038 2771 403 4858 3228 8662 8017 918 3221 4569 1885 7449 2903 2331 2824 373 1719 1242 971 5146 2976 3440 8043 9560 424 4241
51 4829 5815 2777 6517 4304 1117 9645 3289 8246 5502 4865 2486 2092 5757 7371 6362 4978 7420 1072 5370 6096 9990 8896 9112 7858 1145 4970 1180 5821 1642 7007 3127 3162 9352 1641 4727 2627 8580 3888 5533 650 6113 2775 7815 4399 5454 7027 8849 652 3744 1669
20 5235 7711 3976 4875 4405 9118 7135 1143 1236 5099 3568 4755 7396 528 460 3151 6991 2502 7290 5030
29 6649 5034 5205 5566 2663 3993 4966 4356 7309 8864 5105 7407 8064 7368 3893 5738 6530 1890 6432 7969 5286 4808 3041 6193 587 1809 8001 8178 6721
19 9291 7346 5250 7065 5864 5419 7898 4419 7003 2400 1754 2450 2005 7163 2371 9555 7577 3158 5244
4 3647 9021 478 492
15 7716 8231 8969 2433 8764 5118 7181 8409 5364 5798 9971 5046 2492 9488 2130
32 519 7455 1674 5090 6842 4704 1487 3393 8956 509 9950 2191 4647 8627 1781 6667 4512 4505 5594 3214 5259 1405 4288 5972 4081 3567 1607 3106 679 1939 1210 3543
22 9393 9121 7194 7632 1376 2709 4876 5112 3346 1482 6383 8350 4042 3400 3304 1417 105 1633 6350 8886 4866 8422
30 6277 3546 3024 1200 8219 4914 9546 5701 7761 5465 1934 7806 2535 5391 7016 2197 453 4831 5165 7608 2676 6945 5644 5162 6311 7702 535 7375 7404 6364
31 5222 5510 8351 4657 753 5375 6956 4327 462 2565 9192 8963 1420 8291 5097 8960 5705 2918 5418 5378 743 8479 4814 7540 5677 7976 4545 4267 7289 3892 6170
27 4586 9851 8382 1503 9182 1587 2817 6374 7629 4117 929 3757 2614 4487 5171 103 1736 4603 1068 954 4005 1586 8226 1731 7527 3880 795
29 1664 5237 6307 6128 9314 8854 8118 7808 2810 5564 1176 538 9767 7781 8725 1031 1688 2263 7923 3806 3810 345 6428 4161 3226 8369 702 3702 1003
10 3549 8578 2480 688 8077 978 2729 9873 8512 6182
26 4601 7435 9274 4048 3750 3124 7532 81 5786 2841 9490 4336 1656 4188 8621 551 5796 925 7486 3914 9522 2936 7688 8430 5460 9472
30 9670 2928 3426 9654 2999 9923 3364 1937 2972 4206 7167 7594 8134 5092 4212 6816 5681 4272 1578 7752 4579 6624 8759 7204 1390 3898 6052 2280 3535 8862
23 7188 499 9754 396 9355 7665 6452 2500 777 2028 1696 8777 5321 2344 747 888 705 937 1663 5647 6500 6569 5841
32 1815 9691 1276 2036 330 7479 4331 8506 4491 2048 7624 6619 736 6873 112 1357 6707 3152 5016 2204 5327 5673 4382 4765 192 4896 9622 2833 8589 9058 4320 6111
29 9514 1384 4112 1830 6742 6305 8742 9858 8617 4969 3754 3799 9106 9592 6138 402 5880 512 5877 6131 2336 9725 4051 4934 6046 2193 8156 6151 2773
19 713 7891 9011 6425 4141 7847 6247 2291 2164 7145 6515 8891 1542 4747 758 6295 8100 2307 1425
9 3008 9744 6293 39 2368 7627 2844 155 6753
17 3149 3758 8224 2056 7464 3635 5986 6588 1616 2925 7708 7413 9076 1172 392 1825 8898
19 5881 3849 7465 8419 6119 9068 3122 8486 9073 8339 3496 9270 456 2358 7265 9293 1648 7767 6834
31 5440 4583 2626 69 9345 4645 9647 2045 7837 2054 6562 3501 6625 7626 4217 5849 974 8524 8050 1621 6666 158 3109 7658 1354 1213 2878 6073 3255 8185 7467
30 7229 5572 7637 4016 9116 4643 7730 5116 6156 8644 8033 7542 9968 7148 2859 5910 7177 6714 1932 5980 5206 5528 6835 7694 3581 2096 3327 4510 7733 8154
21 7064 7677 3512 9042 233 8108 7076 1338 4912 2542 5490 2499 3389 3523 913 7332 5895 9210 2964 9719 1120
29 6694 166 9890 9562 9738 9375 8652 4195 4031 6067 1466 6571 2850 4044 9998 2768 5484 1850 1673 8417 2328 5115 1437 3250 1969 1127 4506 1088 6467
32 3471 4959 1970 2261 2250 3366 1745 9962 7805 523 1820 6301 4515 9994 9378 3251 4979 8545 6117 4218 4340 9518 7895 915 5126 9343 9703 4918 4611 3719 5776 3631
28 1005 8020 5214 8285 6141 5263 5043 4792 6082 3646 5356 7334 249 1914 3241 5421 6778 6590 8495 8632 8776 604 6796 834 3627 7722 6665 7496
23 273 1637 8548 5699 4376 3879 3169 1942 6579 1016 6462 4543 1709 8048 1654 3023 1808 548 7427 51 7241 9937 2172
30 8787 2422 2904 2934 146 4403 2076 2275 5009 4302 8857 4073 279 2956 2299 9718 4452 8920 2633 7703 1262 7218 438 3923 8648 7138 4018 1082 1055 6494
32 3629 9733 2335 9286 846 8955 9262 9062 4045 485 6218 5770 2829 8109 7474 3267 5464 4440 8750 5520 9899 1925 2405 2127 6468 4797 3192 7412 5937 8396 6931 4281
25 5341 6493 730 5182 9064 169 8167 9151 6907 6864 9324 1041 863 5292 6129 5997 4745 2911 8169 5542 9552 7244 5855 7115 9532
28 297 6558 4421 8146 381 5069 9165 4477 9228 7727 9038 6920 8099 3141 999 7497 1058 7294 4210 2529 6341 6010 6539 5551 207 3514 6840 8138
30 2313 6851 8157 98 1222 8259 4664 2260 3465 2958 1392 8661 1320 4947 6171 3406 4370 9531 4513 9356 2826 4462 5960 9814 1158 1495 4820 1718 2441 2897
30 3457 2748 6450 1186 6523 6196 1441 4497 8631 3469 2281 8952 67 7842 3962 4878 8314 2995 6314 4362 5197 269 1739 9486 9383 4392 6045 6789 7714 9117
24 5245 315 6003 1628 3051 8353 8804 1246 17 6289 1678 1083 5750 3254 9217 2719 7845 4261 8083 263 3369 7281 5354 3984
25 4495 2838 8440 9549 9190 9138 1725 9288 3466 196 7222 4988 5919 4144 2443 4333 7530 7079 131 4991 5434 7481 3480 1510 5865
29 4882 7451 825 3585 982 3636 8094 8996 8815 714 970 3556 4851 4739 6459 7942 5850 2069 9854 5800 4952 1043 6317 4680 7818 2679 5362 5758 8582
11 8184 9763 7483 7348 1661 4284 7295 5130 1801 7696 7192
17 4066 8566 3017 9613 1381 1706 3996 1373 664 5749 630 6545 4332 5974 8942 5973 2770
27 6044 1625 3263 6749 7034 1686 5238 115 2906 7592 21 1819 7819 7326 5582 7944 6282 1432 3519 9404 3143 8680 3310 1149 2698 2113 8374
20 1138 1228 2975 2783 4520 5597 6079 9964 9571 5793 359 8356 5098 7395 8321 5926 7974 9827 2353 6439
23 8509 1635 8835 2856 2077 942 3530 5782 5725 6839 5073 2955 8906 3508 7930 6531 6935 9745 5461 1788 828 2055 5731
29 88 2603 6239 9487 6856 7922 7162 9177 3373 8214 5709 2359 7904 9079 1690 5271 2484 3998 344 3348 5740 5203 6330 4945 6623 411 3665 7537 5232
27 7956 9852 3317 4404 7382 5267 2385 8970 6094 6582 9659 5353 3574 6940 5039 801 4804 1535 2763 4719 2317 7439 5085 2481 5604 8090 3850
31 6456 7104 248 6058 3270 66 3513 4696 3930 7234 9074 1679 6036 2375 2390 8576 8476 6025 500 6027 8252 4655 7336 4187 335 6095 4581 4993 1059 735 5254
30 3869 7180 206 3050 1460 1884 9242 444 9912 4677 1433 3752 9080 4038 104 676 5357 2242 9310 5119 4576 5277 2733 8305 5489 3942 1287 6981 5458 1439
28 9799 8209 4630 7874 3026 92 9564 5405 7503 2867 1692 9319 3135 3748 5183 8165 2590 9978 7979 673 1526 2114 1987 787 598 1909 2300 4622
18 1040 3311 3334 8868 8989 241 896 1189 2072 599 2467 9474 9593 6262 545 1042 6090 6080
29 1993 8323 8346 7312 378 1902 8938 9284 4249 9644 3323 5249 8993 2398 7790 9447 5349 681 6091 6233 4182 2067 1214 8411 7350 9307 3063 4156 5857
28 2774 9768 7249 3938 4587 9761 9394 3657 2875 1069 6898 4768 916 5104 7832 7914 1988 3916 3700 470 1089 8894 6028 7378 4315 3046 0 3259
21 2944 8978 6125 7337 7211 7901 2661 4724 8610 7075 8162 5389 4633 8515 2301 3172 4509 7565 8282 9294 302
30 55 4706 2118 5686 7686 4007 4605 7555 8510 1799 4642 2901 3436 3948 2837 6339 7807 537 9674 1839 5950 6812 3131 1976 1234 7074 540 3298 3120 3386
28 734 627 7975 6069 3542 645 9466 4888 3258 5567 3044 3308 1591 7630 2596 7960 2237 9501 1675 9502 5459 2671 1683 9714 7968 391 9977 5398
21 2559 6884 1208 1416 2966 1444 5220 9208 968 1197 3337 323 7264 6990 7185 944 7349 1153 8707 107 7667
26 5902 2426 8040 4558 9819 7203 1746 6283 6367 1896 130 8871 9056 9421 2437 4464 9727 4694 2485 6504 1446 5336 3706 6040 5338 3861
30 8564 5856 1804 5602 761 6009 4089 254 8830 4358 7502 5216 2990 6332 186 9001 1361 591 8531 5938 3355 532 7421 4551 4132 7484 9936 1115 2411 7223
26 4078 6485 6159 1518 9524 3663 1349 1169 5809 4924 1389 6683 6038 5548 414 4578 3674 4850 8697 9989 9047 2987 5871 5869 1427 2134
17 3692 5332 3338 2989 5154 8344 7798 8181 600 7910 9230 9465 2725 1952 4122 3111 8468
33 9979 4414 9030 4705 6446 7785 300 3839 7907 3146 7415 4085 6203 1871 3011 3968 1629 2279 7385 7651 3506 7963 6551 8474 182 1728 2391 4408 9590 7165 6482 2271 4292
29 6822 4873 6168 6360 665 2937 2732 5713 4617 6098 5451 1045 7726 9838 9085 90 8976 8359 5136 160 3823 6553 1811 4917 7756 3252 7436 1230 1137
29 5300 3249 3601 7580 3885 1693 6643 1511 3675 1459 7659 2501 732 1566 217 9244 4571 6219 2029 7 6586 5645 3087 8880 7283 1118 4220 3820 2544
21 84 6329 442 5732 5662 5724 5374 5298 1198 2601 7967 7998 3924 2244 7142 9489 2759 3745 5121 7600 1823
28 3578 7113 8413 9026 412 3526 4793 9841 8599 9172 8817 9041 3401 9598 7105 707 8539 8011 7990 3908 9107 1948 2156 2137 3136 706 8130 7360
18 7861 9406 1002 3685 9837 4470 8687 6043 894 9509 4023 2494 3423 8381 9601 8606 3322 8308
28 5402 5060 6327 4869 9681 2482 1250 5087 2547 1716 4314 7620 2722 1310 8881 4335 3004 337 9161 3431 5609 8714 386 9129 2656 690 3043 4120
26 7928 9347 4624 1233 8772 992 5853 7941 7576 8798 6868 7610 1876 5675 3010 1901 9258 5648 4609 2251 9997 8311 2010 8797 8877 2032
29 4475 8715 3462 5892 6398 4749 9570 843 715 8237 235 4892 614 7860 3078 5506 3006 154 8107 8561 4516 2349 479 3983 7617 2200 7938 2221 6191
30 9675 2738 200 9382 2235 6969 4607 7134 3429 5608 4426 7488 3295 232 859 9774 9163 1382 9828 2489 5 2621 7170 1070 6616 6914 6881 6257 8847 5108
30 961 4885 8786 8823 5779 5799 772 97 6248 2246 9444 1761 1217 9879 6608 3650 7258 9491 8837 5643 9390 5269 6074 7238 7981 8735 6872 6093 5720 6221
30 8179 4648 482 1500 8042 2217 9742 2505 8686 2121 397 6857 3328 9783 7363 173 1946 3538 2772 8465 4598 3726 4999 4670 4956 1713 6717 8195 383 4955
28 1794 3891 326 8348 2207 9159 8560 7274 2025 3845 1800 8624 6605 3201 8010 9055 2692 404 858 4737 44 2747 7951 7888 5159 2267 5063 4987
29 219 1852 7430 6474 2409 2585 6407 7693 542 7422 5219 8928 4121 1534 4590 5561 6184 1237 4827 3956 3577 9777 7821 7833 3882 879 1522 9940 1009
19 117 3005 3291 3181 6930 2842 9889 2057 7062 7006 8027 7753 486 7189 7228 8838 2816 4600 1038
31 6695 3257 3989 3200 6764 3054 9273 5962 2292 2921 4689 2910 7178 6799 6970 4198 9237 8361 1471 4360 3365 9957 7200 8393 8223 4542 6998 3042 6294 759 6127
27 4094 1609 5890 1240 4028 2981 4532 3974 1297 8551 2179 3854 3907 9239 3813 4915 941 2582 7279 9591 9296 6394 2683 9198 9909 4040 7093
22 7849 8713 428 8856 8368 7364 6893 9836 8028 9160 4701 6891 9428 2611 6431 7578 7875 3268 3658 5707 8066 923
23 9140 7320 3362 5417 7750 808 5168 9880 6829 3917 201 4313 9756 9148 5414 4308 5331 7219 2227 59 3110 4047 5449
27 6965 3160 4154 3921 9477 660 1968 1415 7829 8533 2766 3509 4087 4055 5523 2218 8025 6540 9933 7598 2988 1856 3467 7462 3720 2266 7482
23 6633 1973 4366 7414 2479 4279 4549 1714 1597 9111 8280 1596 2403 4341 3282 7841 8230 4548 9371 6112 1614 1052 2463
30 3855 1113 9320 5777 8791 8445 5660 369 4113 987 9000 6451 4365 2104 3072 7418 963 4276 7897 2097 3764 3306 9315 3015 2575 31 447 56 398 4091
24 2695 1013 5295 8991 8128 3732 6896 3418 4398 6268 1944 5247 2938 947 7195 7262 4359 7725 9342 496 5397 8255 5447 8994
28 7657 5218 6455 9628 1873 9419 1355 1422 2885 4800 463 5380 4625 5810 9092 8067 1265 5590 571 7828 8522 8900 8948 2847 750 3941 4729 2659
26 24 7116 7372 3605 3537 5628 1494 9505 1259 9238 1012 724 4825 2854 8049 467 2644 539 2778 6427 8913 9883 7416 9765 8278 2408
30 585 9996 9559 5212 152 9209 6570 5994 3843 8373 7149 582 7552 733 4423 803 9697 8318 8405 36 87 1044 2946 6844 9771 4723 7485 9369 9635 8414
21 8271 328 3866 4003 9712 6399 629 7513 8843 1960 384 262 418 9726 4239 5840 2806 6993 5588 6022 8333
30 7965 3294 2957 498 4396 6601 5409 8272 2680 5959 4690 2319 3186 3356 1999 1125 6176 6758 3376 6810 7095 6276 3683 555 2962 1268 2592 1472 9829 6288
18 3607 567 4467 7534 3115 2129 991 7599 1622 2894 5157 351 7031 8508 983 1758 6917 9525
20 1560 19 6004 839 3666 8194 3940 6744 2749 6775 8513 153 5905 4753 333 3965 5446 1156 3975 2185
12 8670 9579 4898 4504 4067 8501 6489 9398 2795 1659 5555 8905
28 8587 2963 5285 4973 8035 2304 3623 1660 6757 9823 4550 501 5210 2931 510 1824 4076 8241 8045 8660 4238 7973 4763 8251 579 8611 8556 142
17 2519 8965 6910 6396 1792 3045 1388 6231 2619 2302 3001 8206 1812 8174 6358 3184 5828
28 2949 3197 7927 7243 4602 7663 380 990 8984 3946 7830 7689 5278 4523 6382 1775 5989 3716 3385 5505 176 9775 9446 6461 4909 327 3945 1020
23 3555 4387 4196 4920 266 4450 8595 1930 4472 2417 1368 7755 3597 4460 3980 214 2004 9017 3479 6637 4707 2616 7522
28 4525 6656 2742 9830 9951 9135 8555 6805 6832 5070 698 2370 4248 5122 5958 3832 1945 1119 7571 8604 5223 8436 885 7051 2145 5361 6976 5571
28 6541 6110 2198 9575 32 6584 6989 5045 1257 5526 8401 2874 3561 8186 4685 3316 7757 9967 3299 7137 6429 1065 5181 7970 2083 4181 9048 6
23 9020 3170 9874 5888 7494 1474 4371 7812 352 1104 1639 6235 3145 9848 1853 3472 4110 3485 2080 148 5669 5896 1562
23 9698 5698 6711 8766 3433 9897 8782 4561 5041 1461 8693 6682 3438 9758 8887 4674 4960 1401 4946 1329 1798 4391 9515
29 9084 3640 9813 3411 3616 4372 8030 6013 8058 121 9789 7949 4566 680 4824 385 3413 2461 7887 7908 6014 3324 5833 5431 3287 7057 6242 6258 295
30 5027 8774 3557 7152 853 708 9408 6476 9553 6684 5268 6883 8544 8470 9185 4369 6308 2389 6162 1964 8805 2522 1506 4864 5429 491 9656 7660 4286 6152
17 9449 2132 3966 3370 6357 2171 3905 6566 4582 7935 5715 1027 6384 4553 1576 4662 8377
27 1447 3424 5920 3022 7246 8882 775 7679 137 9784 5042 7646 3013 806 3599 7260 9174 4480 7478 257 4996 3522 9792 1514 6246 472 9721
25 3564 6752 4815 2497 6615 2900 7811 2115 1504 2315 1590 4033 22 2607 3756 28 6224 7747 4215 2162 3630 2830 4149 6065 8722
28 423 9046 6304 9144 782 4035 9033 7171 3247 584 852 2341 8935 2943 2190 1308 7699 3878 1953 4053 6651 6899 6124 3248 7977 9960 9915 7459
18 1194 5377 3193 9843 4565 1342 5326 3515 644 3019 1906 7426 7946 7955 4951 58 6631 6534
30 2429 9191 6255 8614 5650 4786 2979 3867 2107 8901 9141 5305 4394 4264 4312 7570 940 1666 2350 6937 8781 3037 2503 6400 4668 6147 9025 4364 9354 1569
24 8640 7198 5369 135 9743 4544 1886 9481 4699 5033 7573 1541 9221 7004 1513 8153 420 5483 1732 5762 7257 4928 5252 1284
21 5717 3608 9072 399 7179 4357 4009 1606 331 6964 4671 5257 3460 6779 4229 3563 1694 1961 13 4640 757
31 2135 2538 6192 989 2333 9410 2857 9222 6882 5933 3570 8460 4489 1882 4632 7582 1463 9086 6001 7670 7240 7775 8095 3698 6445 9749 4451 2165 9227 616 3618
30 7318 5744 5282 2338 3502 3477 2802 546 3648 7724 6909 5064 3269 3776 7615 5728 4547 2378 8844 3312 1021 4610 9808 9793 86 3518 7311 6434 8122 5543
25 3103 6740 5425 5957 3420 671 7239 8244 8481 9939 72 5911 4712 8294 6229 356 1063 7470 7054 8497 1442 9885 4861 6032 4124
27 4536 4455 435 7787 3701 3190 3290 175 3133 1429 76 2515 4651 6708 366 8616 6629 9862 6736 5863 9423 7377 6892 8757 8145 9008 2448
24 3442 2166 3910 3875 6392 8546 8038 2174 8691 5785 4997 4597 3689 3187 2155 1849 1536 2961 5536 5874 5939 2886 8941 8897
19 3654 6793 2109 3352 8909 6306 8141 727 8570 451 3613 9413 4812 4095 8712 5775 8925 7681 635
14 474 3651 7355 6066 3213 6318 6947 5747 829 9271 7100 5195 1574 9910
27 9679 9090 3461 199 596 7232 8403 4400 7169 8062 9817 1431 7091 1715 1337 7361 4521 1493 7531 361 8304 6249 1703 6621 3388 6595 6518
16 6901 1323 7347 9462 8646 6820 434 6146 613 5531 3412 3533 9439 762 7476 980
32 672 8489 9503 9926 656 1106 1232 9604 9655 7037 9441 9963 8814 8974 83 6447 6414 9218 9958 3144 7354 6709 8322 7233 8205 2827 4199 8724 5318 5848 1019 2724
112 1135 3767 2693 6315 4818 9554 6205 5963 5802 6785 2161 3831 4445 9015 5967 8807 8664 7327 4478 729 8098 8003 3788 8842 9955 346 5129 2998 5423 6685 5794 4596 3032 2744 647 7859 6008 2540 1841 2586 5475 2554 838 8472 6505 6149 2430 6457 9982 7261 4519 2239 1998 1078 8092 3279 3128 1929 2801 9868 5413 8439 972 8394 9565 8910 3340 4242 7055 797 2435 9886 1785 9139 8415 237 6994 7641 4538 8744 1470 8114 6777 9577 2192 43 3262 8728 1219 183 722 6671 3280 1340 6544 1662 6190 5145 8601 278 4967 5646 3860 1292 8873 1555 4981 3827 5570 3390 1175 6636
23 1724 8073 8448 4020 2060 3435 3759 1062 1779 3997 3673 8502 1981 7341 5767 8649 2039 4950 5614 3404 2803 1957 7760
26 372 8055 5771 6012 2577 3082 2745 8245 2439 3163 2144 7099 556 3595 2091 2325 9618 7084 4061 9540 7053 8124 443 1653 1547 6603
32 2008 3138 3786 6550 4940 1324 4958 6971 6188 9264 4282 7987 3610 7823 7866 678 5309 1253 4722 8002 4155 5680 1162 5396 9961 287 6950 1147 8404 9214 675 8331
30 268 8376 8309 6021 9492 6244 7387 2095 6344 8103 8743 8767 740 4591 3277 5733 6264 4527 2201 2334 6867 4508 7905 2843 2157 1195 8168 4140 1701 8131
32 3444 6404 4575 1655 1755 6402 1553 9928 9809 5123 6838 893 6437 857 194 8492 6866 525 2150 7738 2081 6351 1894 4131 4271 8765 9415 6979 8634 7896 4401 464
28 8840 2788 9543 9757 5783 6512 9364 1412 1299 7894 2125 2532 3808 9331 4322 7107 5552 8442 3670 9966 33 6144 9984 9124 4418 329 7524 5631
30 8292 696 9401 1904 1201 9065 5241 930 6587 459 7143 8072 9321 6513 2892 6142 8081 291 1183 8931 6084 75 1380 9061 8607 421 778 1254 8211 7058
34 5934 7186 1489 7574 856 9037 646 4503 3904 193 4293 3765 9082 3999 3416 3016 7094 2584 1450 9327 8930 5194 5488 6852 3034 8558 5612 5940 9066 1280 6664 9773 8008 2225
22 1273 9820 1778 3292 5532 4092 7411 454 5984 1814 6760 8684 3899 5867 8142 6209 2287 1290 1958 2252 8947 7937
22 1269 5393 3541 5621 2600 6026 2930 6279 7873 3859 1947 9800 953 3573 1394 8692 4810 8954 5053 4146 2262 766
29 4842 6849 3354 6567 5593 2343 4072 5133 1980 1008 3874 3339 1468 8593 1671 3897 7447 2367 7328 5270 5927 2562 9551 5671 4287 1665 5404 8490 3313
13 311 1421 4017 5553 6397 1279 5493 6015 3040 6568 603 8463 6300
29 187 6502 661 5829 3783 922 6272 7745 9975 934 4353 8416 7305 3079 3645 6602 9929 3598 3361 80 619 8619 4563 3274 4434 7183 4324 7146 9736
24 4071 3596 9627 3544 3319 986 6871 643 2407 8760 3285 2622 6211 2945 4429 4407 7101 9250 8471 2517 5066 9953 2853 9530
26 9581 5990 9078 7737 8768 8367 1537 388 2122 6681 5734 7520 3392 7032 8600 1270 654 1244 9529 2655 8201 5657 8666 7673 3619 231
27 2278 7082 4761 2382 7628 3194 9232 5835 1891 5155 3534 3963 9709 9269 5575 4562 3212 8532 1538 3881 7544 440 5884 6889 3887 5817 5273
27 3743 6735 8784 4050 4029 2033 1152 993 3227 5481 5289 3474 8334 581 5217 363 5639 5186 4252 5096 6291 593 1581 2152 6241 5931 2169
27 1866 9544 41 119 2041 8298 2954 6197 10 2710 5625 6444 1053 5288 9605 1036 2553 6256 6049 6690 7705 1599 2312 8461 5544 794 976
24 554 2784 4349 5240 4493 6251 967 3790 7197 7384 202 6939 4718 5379 2311 9403 4373 3668 3834 5843 9036 4743 721 6018
26 2576 7230 697 5626 6356 5228 6618 425 5076 9980 1791 5373 1905 6083 8933 5052 9665 6988 9663 6099 5515 9336 7154 3571 3204 4374
23 7709 5500 6836 6563 6173 7263 9948 4819 2977 9358 9542 9867 7879 3473 6303 6309 9500 3800 5236 9648 8082 5988 948
26 9901 945 2780 7567 6076 1721 4798 1568 5462 7793 37 1402 1702 5479 8741 6180 6995 4572 8999 4735 4446 4424 653 7215 818 3097
15 3667 5721 3833 5917 8112 8876 2240 4433 4802 5340 1029 9941 6600 558 2620
30 4379 8158 2401 2440 9450 1845 9475 1109 659 8820 3722 8911 8516 5233 5558 2996 3483 1164 5255 6055 8977 4757 2726 9340 8685 669 7214 1318 3586 939
25 9888 3826 9282 7867 8085 5135 9842 3669 6161 1393 8225 2023 5143 3470 1235 2631 2785 1358 3801 1816 9389 3179 9206 8443 89
26 4687 5359 8198 6645 1365 7777 2394 691 5514 2612 3075 7525 4043 7187 684 1525 814 6499 8825 6878 2158 6853 7603 9860 5390 1887
26 489 8104 6202 8637 5107 422 8806 2790 1943 7366 320 2561 7461 7505 7800 9188 6532 3736 5325 2257 9339 5797 6019 7899 5894 8480
18 2015 2031 2167 4990 9512 2290 3230 101 5936 8633 1698 8267 522 5068 5652 8120 1658 8091
27 375 3579 7406 6922 7434 6261 9972 7315 3981 4163 8193 6915 6824 8745 3266 3682 4351 7155 2226 4900 2182 5893 2836 9024 1347 6795 3812
16 2384 1411 6801 8598 8457 6948 6011 7450 3503 6632 5144 9203 2196 4484 6934 2597
24 5497 9405 4833 7000 4938 6647 5426 2388 5021 3454 744 5670 6802 3387 3081 2258 1400 5580 221 259 623 4901 831 2764
27 769 3540 9556 4246 507 908 8160 65 1255 4473 889 5708 8550 7507 2950 4708 4619 4518 9791 5509 427 9010 5177 4269 4759 4273 4432
27 2941 3951 6765 9804 6034 9576 2355 3531 9248 5684 6921 1603 4669 5929 2861 1275 2340 8060 1889 9372 8975 9986 5839 9589 1128 3229 9329
29 4377 902 2566 5711 8155 9537 2665 9132 1455 1710 9370 3278 575 6713 9816 4992 7098 3342 7720 8936 8389 4367 3766 6335 8888 9311 4962 9766 4338
28 157 9128 1959 8464 607 3215 7043 2675 7564 6056 3007 3070 5527 515 4442 9946 7853 1321 8853 7978 2615 8452 6943 204 4731 4540 1359 3380
28 4494 1874 2209 514 6885 7301 3345 9482 4106 8450 1767 3979 8779 125 6572 3171 4389 5912 5328 7774 6933 1144 1936 9811 1454 4649 8957 9334
31 8518 8302 9316 8803 2916 3057 7448 7643 4884 1532 2052 1448 4263 4942 8250 2017 9318 9170 6509 2381 6640 1049 4968 927 2211 6968 8372 811 796 6559 7049
25 8520 8739 8207 1580 4409 531 2126 353 4147 7843 3421 8105 1756 9225 6552 3101 7605 2354 2496 6037 309 1124 6097 1445 5573
27 1833 6199 5636 5712 3453 1215 6132 6593 9089 6134 6808 8150 5992 255 5851 6145 6906 2889 6506 6278 9861 8658 9650 5760 2839 4049 2276
30 4143 9463 4794 95 3116 8379 6719 3434 2220 4939 816 9734 3150 7352 5589 7736 7652 9261 7038 143 7369 4444 2195 2170 5003 430 3734 6433 3928 224
31 8102 7512 1955 6186 4297 8615 4326 8243 3896 4834 3157 5040 9574 3772 3672 866 6773 7331 2084 2555 1818 7023 413 6343 4180 8790 3529 5745 4599 7742 406
18 9550 3475 2782 4656 7103 6580 9844 4654 4125 3077 800 1741 7046 1956 5471 1207 8363 9005
30 7119 699 3510 956 3036 823 46 1862 1101 5031 4211 6769 6622 7130 1328 3437 1154 8354 3235 9149 1807 4431 9094 4458 6227 7991 8507 3284 5682 7017
33 7070 3049 6786 6473 3566 9527 7856 8737 1859 4105 4907 6848 2021 2923 4265 3873 4234 5383 2699 9093 8365 416 7589 7307 9007 349 6546 4383 197 648 8089 9918 1006
28 5086 5615 5049 419 1272 100 9737 5260 969 2234 6674 2037 887 9348 9704 7072 8668 752 9903 1484 5549 1878 7044 4728 5508 1202 6650 6419
21 3030 2006 7631 7554 4245 751 5169 1458 847 5134 4046 7009 6137 9863 3738 6225 5820 6071 9715 8771 9693
29 4894 4208 6410 4088 4957 3493 7191 6672 508 7691 2907 6519 7566 6730 9658 8390 4789 4730 9895 110 6557 1577 276 4751 3957 8455 2138 2865 6470
28 1335 7108 6630 8079 4944 7221 3476 9388 6223 5872 3450 1786 877 4809 815 7500 9995 238 8702 6828 1829 7251 2643 5148 7303 5596 9938 1813
21 6039 4965 4714 1531 5032 6726 979 7543 6612 1096 5618 4448 4524 7127 6236 5842 8959 6723 5485 3378 6368
28 7040 817 1588 9586 3842 2178 3970 1864 1004 163 6680 4330 9113 9547 1165 4936 1763 8914 4684 7959 8166 7469 2629 3238 5011 4133 8123 1962
33 5769 9935 965 318 7174 7548 5866 1738 5603 8075 6179 365 8799 2713 9778 2526 5026 1266 3973 139 9275 9363 6887 8056 347 324 18 4216 7824 6507 2821 5150 4891
20 4618 1773 481 1326 8796 5453 9158 5193 7778 5632 4832 5072 9902 1926 2834 4468 8215 2549 6846 3367
28 622 4428 2455 4228 4658 8188 5576 6081 3909 5700 9167 6064 8918 3686 3982 2851 6072 4151 132 6592 7803 8964 9676 2277 3611 7950 3987 4013
23 1543 5387 5006 9297 9464 376 4344 6359 6243 4209 2498 1302 8264 4232 3912 5878 8676 2688 9855 7852 785 2283 9520
29 6916 1407 8892 5120 6984 9180 7477 5100 5160 3895 3584 8904 7259 8268 4903 256 6105 4454 116 5350 8358 3678 8240 9184 5623 3863 5923 3347 8870
28 6913 3459 8254 3840 611 8671 6698 2884 7014 4406 3846 3216 5083 5061 9456 5739 7868 4097 4954 5196 2347 1225 7136 6035 7391 7356 9317 3643
31 8204 4537 128 6634 7994 4986 8695 3785 8018 4594 7614 959 5314 433 6858 1783 2016 305 8362 2871 3374 569 5151 8144 2647 7400 185 2094 4 1350 4592
25 9409 8711 867 1595 8597 1840 7068 694 5102 8565 4660 2380 3223 3943 312 3244 4192 9063 9290 5942 3094 4479 7826 1343 8850
30 9003 8149 1697 6409 5054 5656 9134 9263 9133 7569 1979 4014 6641 9987 4698 9337 1854 1657 4461 2858 8202 9616 8802 8602 1585 431 9717 5696 2203 3723
27 6900 5487 212 9735 7692 1565 1644 3203 4638 9859 6114 946 4060 4620 4000 2678 3303 5110 2870 9772 6194 6411 4556 8386 9259 5293 1378
21 2883 2297 9392 9632 9611 3977 2205 883 350 2462 6949 9807 4183 5781 7788 9197 5928 6661 9932 4741 1935
27 8731 1630 7638 4107 1430 5437 8500 8505 9810 928 9110 5313 8584 4368 2895 1032 9285 4612 6673 2637 2908 1938 6955 298 2326 1972 4348
30 29 9052 7379 8973 560 2919 3524 7762 6987 280 8148 1612 6926 3121 8656 4746 3455 3521 7047 4438 7892 4923 5947 5251 2001 9608 2550 6585 566 8113
27 9283 8459 5748 8133 5234 2781 921 5844 6426 387 536 133 3494 2478 7653 2351 9448 4175 3407 9391 3835 3273 9434 9850 5683 7069 5538
25 4090 5113 1177 977 1835 871 7010 1752 281 7754 880 1075 7286 5981 4626 5852 8427 1167 2800 2849 9973 289 2007 1722 5944
29 5445 1492 7792 3066 5620 5495 6313 1436 382 7924 8428 1810 6165 7403 8115 9435 3582 3237 5993 7765 8839 9580 5128 1481 6895 7789 998 526 9430
28 5335 3147 3490 4099 1179 3062 2557 5664 151 1911 6823 5943 2700 3967 6938 3344 1895 9162 3243 3486 4075 7869 5311 2610 8717 3644 3612 8674
25 445 1651 3188 9947 9179 5830 8761 7275 2264 4559 129 7106 9541 7966 738 6653 9193 4813 4222 4402 8080 3185 7533 1001 1084
25 9707 7020 9602 4830 2787 559 7344 6902 9729 3731 3432 8511 1772 9548 9583 3452 9667 3497 1440 4972 1615 2815 5825 2691 3797
26 9216 2357 5540 57 2731 1281 2578 9900 4552 6746 7680 1123 5556 9917 7782 1572 5330 5518 3056 5078 4977 432 4197 9004 8054 4203
23 6607 4352 8998 9992 3211 9240 4584 5941 7749 7538 4237 2796 8567 2101 8242 7893 2708 8756 2188 8934 9999 7460 1247
22 4150 3148 6200 7196 2128 4347 7316 8800 8097 6581 7510 7728 4457 9480 5755 8172 8068 8234 6614 4390 8087 9834
30 7399 6123 3368 601 5627 7253 1613 2075 6850 6391 754 274 9330 4323 4614 5882 471 1554 6372 8985 3728 8657 4463 1133 6007 1403 4785 5224 3929 6342
30 2465 3655 2143 2973 9634 4481 141 6062 1872 1539 9328 2229 7587 3449 4486 9091 3379 1567 841 94 8286 2487 9098 503 9567 8451 455 1652 638 6997
21 5970 3708 7926 8228 9300 3443 8127 836 4004 9181 7932 5763 3707 7358 5355 764 4230 1764 165 792 5225
16 8890 5284 3242 1618 3960 3777 9029 8885 7338 3844 9169 2968 3576 4108 7157 5665
30 1992 6135 277 1986 4115 8937 3775 5400 9652 9720 5101 4921 3031 26 3130 2789 2414 8889 1094 605 7838 1608 480 981 6005 5661 8424 5806 2845 7235
29 6815 8024 4910 3717 2639 8609 952 9028 7516 9882 6596 3925 3293 1277 9835 9748 1918 2469 5229 4466 191 2310 1258 4522 3950 1312 906 1570 2840
30 6670 7140 5517 7102 6340 8191 2673 3532 4270 9516 30 2366 1907 518 6578 964 9870 6754 6776 6554 6972 2120 3868 1847 9499 5057 1306 5443 181 2818
29 2327 3029 1221 9289 313 4555 74 2702 2248 9724 5569 4266 7077 692 1681 809 9150 1307 1034 9245 3118 38 2705 9040 5812 3014 9146 8519 9711
22 6831 1803 2184 9018 1443 4821 8293 9384 8958 8721 5333 5412 3516 2879 2002 5784 6390 1552 3838 5666 805 1150
28 2986 4546 2074 4666 6526 5036 9381 5550 8266 4086 6751 2715 473 4535 2793 8525 8400 3217 5736 3889 8315 7744 3715 4501 1478 3679 8163 3664
24 3371 9649 4194 1206 5679 5913 8431 7865 52 1982 670 8729 2687 3039 6187 1971 3309 804 9664 5239 8384 8232 8923 4823
25 6912 5008 9981 230 7857 5256 9103 1383 7939 7735 2396 9762 4771 8360 426 7771 8441 1249 3920 8084 3448 2457 2253 1573 3836
31 6783 7129 1524 2216 7710 6024 7916 6946 6333 938 490 2694 9821 9233 7549 6215 4039 2459 8651 625 7022 3768 861 9051 2985 2914 5388 3741 8552 5020 4803
26 6424 8021 409 210 7492 5287 553 2809 8182 4675 3085 9333 77 357 6167 78 1649 1243 9826 14 488 4142 5494 3687 9461 6458
29 8342 4511 3403 5663 2470 7682 5279 9478 1561 6106 7529 7389 6240 2756 2256 4681 6337 4710 2022 7584 2168 393 7087 9521 1278 5204 3318 6405 7601
32 1867 8783 4635 6942 9795 5291 7019 5457 1048 6932 3811 5163 9407 2309 5167 2364 450 9416 2003 8733 5200 8041 4422 6535 6936 8238 6496 9942 6266 4683 2926 626
30 7499 3333 2523 7086 4629 2984 494 7931 9812 1747 8748 3894 6862 3796 6436 5722 7797 2493 3642 3587 9016 7225 7919 9173 5831 5322 685 3335 7766 343
14 7013 9231 2654 8051 9053 3711 1289 6728 6611 4971 2752 9599 2983 3931
29 6724 9452 7648 4703 6575 3778 9070 5847 6416 1424 1396 484 5023 7351 5640 1017 5706 7890 2868 848 6508 2136 3084 5726 236 410 2902 5294 3417
28 2061 3918 3865 9640 3680 2551 767 2556 9027 5329 275 8383 8218 7125 3137 3511 45 4030 8061 5924 1881 6153 1379 316 2289 5408 1931 2273
30 2735 6662 4200 8410 7277 5187 7245 7746 7445 7604 8288 3751 134 6556 4235 1533 7292 771 5987 5585 1404 8639 6890 2624 9840 1544 6051 3724 7783 7700
28 6663 1879 8447 168 5668 9457 8785 2640 4328 7903 355 395 11 2513 2175 742 8813 8325 1712 5638 4412 6217 5395 6177 4568 840 2410 3588
23 4435 7993 4255 9353 9164 4318 3958 6589 461 8945 5998 2444 6312 8590 6116 748 8922 2672 8859 4672 8196 2974 641
21 3168 1689 5017 483 6538 9127 3098 7150 6297 1464 2268 686 7560 9780 8006 8221 9201 4692 6599 6766 1190
24 5018 8932 7768 284 164 4652 7912 6484 4449 2397 8926 4096 6488 2345 5470 6859 1423 3805 3206 7593 6691 8579 1611 7458
23 3988 2079 8902 951 1102 7535 1168 8981 9639 9229 3625 243 693 5482 7521 919 5283 7160 5345 3769 8751 2593 3134
30 2869 3575 209 6475 2651 6648 5088 8300 7715 6178 1282 4777 5211 6617 4890 7273 4974 8392 3927 9582 5319 6797 7739 7423 5826 602 1148 2608 7881 4127
30 6198 8290 2147 9104 9871 9610 5766 2406 4989 4236 15 7796 1822 8136 3123 9643 4290 6387 4176 5759 3363 8752 9905 6440 6195 6761 2734 2794 4580 8019
25 8086 2520 4863 2825 633 1256 3165 2415 6041 4453 4628 2765 6325 6226 4262 6267 2876 850 2855 5207 7151 6817 6016 7042 5672
27 5424 1406 2642 7557 3583 5751 7636 7988 1480 8645 6699 6085 7743 6774 9460 8829 4012 3074 3856 2066 5935 2372 6401 4162 4931 2019 2509
24 1888 1024 9806 935 8059 3232 5557 7176 1831 9054 9908 7635 1457 6561 8592 8944 2965 1848 8866 6214 7751 7390 6365 8677
30 549 2296 3572 6420 9002 5428 8037 177 4213 1309 5907 9694 7231 3498 5473 8007 9534 6042 6415 7021 1375 6928 8399 1126 9147 1155 6070 3264 1341 8453
29 5868 5808 457 2112 6703 4639 6346 2543 2969 6103 2086 2042 776 4378 3182 1842 205 322 6841 7961 2723 5468 597 9280 911 401 6911 7943 4725
28 3580 7889 1363 4826 1685 225 7096 7633 5764 3782 6389 8872 5976 2062 2431 9755 2646 7408 8625 8256 1600 4116 2490 6731 7126 1488 8337 2755
30 5885 9985 7373 780 2181 1762 9684 1098 7817 7339 8987 6806 2935 8917 8284 8335 3481 6660 9204 8852 7639 1028 2050 5044 9013 188 7772 5854 4145 8700
19 6361 3104 6536 497 4953 5050 1311 106 2525 4068 3877 594 7250 9969 2282 5164 564 495 1545
26 4214 2714 9845 5347 6729 7386 3439 7466 4937 5317 1519 5577 9510 7388 2960 1769 9683 1782 407 3695 1351 5613 3633 6514 3903 9476
22 4758 1227 4084 854 1913 6886 6422 1768 7498 4224 6406 2740 6975 7237 1050 3551 4082 631 5266 2392 9893 8330
24 1563 3325 6818 3906 2314 3155 9379 8540 7588 9919 851 8927 7675 6130 8997 1131 4465 1007 1141 2521 6770 2940 9536 2508
28 541 3990 6208 9702 1910 9202 6784 2667 4879 1391 9911 1875 9934 7547 936 1132 1371 8496 1229 7050 2929 4179 6435 3113 6978 845 6087 9304
27 4058 3409 8370 8536 6771 4659 6336 2527 7048 1330 865 1199 7132 6047 8916 5117 4280 9471 7706 4026 9414 7644 1099 9145 8949 5348 1015
30 7561 726 3396 2305 2686 415 8176 5803 2558 7764 2846 4019 612 9376 6281 5166 2757 3913 6075 3548 7526 2249 5469 5065 9323 9875 5718 5978 6919 247
22 8773 7940 6352 1967 9043 1501 1748 1486 9143 9437 5035 5529 7721 9468 6017 958 5142 1426 251 8865 6573 1619
27 5324 9864 5756 5678 6380 6270 9458 3609 9687 9894 5140 6560 9295 574 6175 5056 6421 7606 7517 3604 4676 307 5047 5499 8375 6271 9887
31 1776 6794 6068 7446 3114 9171 5344 6491 5014 2374 2645 458 8366 3139 7718 6733 8498 8526 1238 6646 334 6555 642 4172 1074 4883 6210 9545 3402 7111 9916
31 768 7329 9255 3108 2570 7840 1369 2602 6331 2043 890 5635 7791 5191 9716 285 4801 3076 9386 5111 6510 7514 123 1760 8577 6107 9189 2100 1367 4929 6533
33 7401 789 7314 6430 8795 529 8190 2173 9539 7080 6120 6696 8705 6861 6061 9584 3660 4870 2012 6299 8388 9653 5185 6501 7839 6373 6876 1014 8371 5591 3804 5055 8217
23 5649 3468 8324 9156 657 4734 4539 9322 8749 4902 7397 7330 7945 3018 8269 4500 1594 2689 7089 3012 1173 5819 8543
23 3696 9109 1634 267 2653 6345 4636 6363 8177 7591 592 2255 7124 1483 9443 2980 2807 6207 2133 7863 8216 7834 8636
27 6412 6745 208 4101 4123 3315 3829 3547 8125 2065 8437 42 9366 184 4816 4715 2387 4342 5873 5075 8295 6941 5248 4240 7758 1191 4158
22 2507 8792 6245 5158 6133 4913 8780 2393 2898 5411 5005 3 1296 4567 7871 7012 2085 5297 6516 2674 7980 5067
30 7913 7097 2881 1453 9429 7256 649 8851 9440 3372 6386 8261 4893 5180 9023 8289 7018 6478 7340 5605 1477 1025 960 9535 1362 7983 2219 3853 3620 9326
24 4679 3119 1496 7732 7282 7595 1248 6163 716 1348 2063 7164 5956 6204 6469 3351 8129 2093 570 6328 5363 5178 2863 835
28 719 1949 6705 348 9557 9265 9566 1264 8159 5074 6821 624 2546 5416 4847 2832 8828 63 4627 7539 4650 7268 341 6782 2238 4911 4490 7953
25 4948 2512 9012 448 7579 6967 4744 6460 3499 6140 3210 8307 5999 4906 1624 5080 2454 577 3730 8769 4447 7310 5811 8070 5173
27 8758 9636 493 8653 4764 4862 7984 6379 4787 897 2402 7205 517 1668 4621 8258 1485 261 8669 2215 8015 5022 4726 860 763 16 8119
30 1105 1111 2997 8421 2442 5838 4441 4784 4397 833 8004 5537 9299 5559 8763 3336 9431 1196 3446 8117 4436 7431 9417 6302 7836 3718 5676 5029 5415 8921
27 8878 502 4482 1908 3220 5952 1182 9731 3231 7045 93 5658 9361 1806 9682 2222 3935 4102 8270 3464 5961 3301 1295 2890 8808 4268 4186
21 1178 5352 8747 8951 3205 3624 7267 524 1682 6830 2860 798 5000 756 6958 7590 4350 1360 8044 6487 8012
29 9913 5954 4686 9872 1346 3802 6727 1271 5995 4840 6833 1921 5258 6542 6697 8469 7623 2574 6166 7242 8734 296 6701 6273 5264 3218 770 5606 5697
29 7109 8274 615 8682 832 9617 1676 9624 8603 1428 5004 3447 7394 4852 6483 7982 7299 2295 2183 8281 6109 5930 1974 7297 8249 5964 2922 9097 5629
25 6252 984 8915 4274 1700 1523 3952 819 793 3592 5630 1073 7175 5703 2617 5015 5365 4375 466 637 755 9220 1636 7374 3562
23 6031 211 881 8542 8953 3851 6925 2882 5619 8446 5320 6827 4688 7835 8875 226 2013 2194 3681 9277 4779 3662 2786
